<?xml version="1.0" encoding="UTF-8"?>
<!-- Generated by org.testng.reporters.JUnitXMLReporter -->
<testsuite ignored="4" hostname="DESKTOP-4G6V73A" failures="0" tests="2" name="GRP-RegressionTesting" time="0.112" errors="0" timestamp="2023-02-23T07:44:51 IST">
  <testcase classname="Tutorial1.Demo1" name="a2" time="0.019"/>
  <testcase classname="Tutorial2.Sample1" name="p2" time="0.001"/>
  <testcase classname="Tutorial1.Demo1" name="a1" time="0.0">
    <ignored/>
  </testcase> <!-- a1 -->
  <testcase classname="Tutorial2.Sample1" name="p1" time="0.0">
    <ignored/>
  </testcase> <!-- p1 -->
  <testcase classname="Tutorial1.Demo1" name="a3" time="0.0">
    <ignored/>
  </testcase> <!-- a3 -->
  <testcase classname="Tutorial2.Sample1" name="p3" time="0.0">
    <ignored/>
  </testcase> <!-- p3 -->
</testsuite> <!-- GRP-RegressionTesting -->
