<?xml version="1.0" encoding="UTF-8"?>
<!-- Generated by org.testng.reporters.JUnitXMLReporter -->
<testsuite ignored="2" hostname="DESKTOP-4G6V73A" failures="0" tests="4" name="GRP-RegressionTesting,SanityTesting" time="0.095" errors="0" timestamp="2023-02-23T07:45:37 IST">
  <testcase classname="Tutorial1.Demo1" name="a1" time="0.009"/>
  <testcase classname="Tutorial1.Demo1" name="a2" time="0.001"/>
  <testcase classname="Tutorial2.Sample1" name="p1" time="0.002"/>
  <testcase classname="Tutorial2.Sample1" name="p2" time="0.006"/>
  <testcase classname="Tutorial1.Demo1" name="a3" time="0.0">
    <ignored/>
  </testcase> <!-- a3 -->
  <testcase classname="Tutorial2.Sample1" name="p3" time="0.0">
    <ignored/>
  </testcase> <!-- p3 -->
</testsuite> <!-- GRP-RegressionTesting,SanityTesting -->
