<?xml version="1.0" encoding="UTF-8"?>
<!-- Generated by org.testng.reporters.JUnitXMLReporter -->
<testsuite ignored="0" hostname="DESKTOP-4G6V73A" failures="0" tests="11" name="Default test" time="53.035" errors="0" timestamp="2023-02-23T21:24:00 IST">
  <testcase classname="TestLayer.LoginPage" name="loginFunctionality" time="8.717"/>
  <testcase classname="TestLayer.HomePage" name="validateHomePageTitle" time="0.035"/>
  <testcase classname="TestLayer.HomePage" name="validateHomePageUrl" time="0.037"/>
  <testcase classname="TestLayer.HomePage" name="validateHomePageLogo" time="0.354"/>
  <testcase classname="TestLayer.PIMPage" name="validateUserIsOnPIMPage" time="1.523"/>
  <testcase classname="TestLayer.PIMPage" name="addNewUser" time="6.045"/>
  <testcase classname="TestLayer.PIMPage" name="addMorePersonalDetails" time="12.589"/>
  <testcase classname="TestLayer.PIMPage" name="searchEmployeeUsingEmpId" time="6.348"/>
  <testcase classname="TestLayer.PIMPage" name="deleteEmployeeFunctionality" time="8.129"/>
  <testcase classname="TestLayer.AdminPage" name="verifyUserIsOnAdminPage" time="1.641"/>
  <testcase classname="TestLayer.AdminPage" name="addNewUserInAdminPage" time="7.52"/>
</testsuite> <!-- Default test -->
