<?xml version="1.0" encoding="UTF-8"?>
<!-- Generated by org.testng.reporters.JUnitXMLReporter -->
<testsuite ignored="2" hostname="DESKTOP-C4LC40M" failures="0" tests="9" name="Test" time="45.303" errors="0" timestamp="2023-03-05T15:23:16 IST">
  <testcase classname="TestLayer.LoginPage" name="loginFunctionality" time="10.307"/>
  <testcase classname="TestLayer.HomePage" name="validateHomePageTitle" time="0.013"/>
  <testcase classname="TestLayer.HomePage" name="validateHomePageUrl" time="0.012"/>
  <testcase classname="TestLayer.HomePage" name="validateHomePageLogo" time="0.439"/>
  <testcase classname="TestLayer.PIMPage" name="validateUserIsOnPIMPage" time="1.289"/>
  <testcase classname="TestLayer.PIMPage" name="addNewUser" time="5.891"/>
  <testcase classname="TestLayer.PIMPage" name="addMorePersonalDetails" time="12.713"/>
  <testcase classname="TestLayer.PIMPage" name="searchEmployeeUsingEmpId" time="6.38"/>
  <testcase classname="TestLayer.PIMPage" name="deleteEmployeeFunctionality" time="8.163"/>
  <testcase classname="TestLayer.AdminPage" name="addNewUserInAdminPage" time="0.0">
    <ignored/>
  </testcase> <!-- addNewUserInAdminPage -->
  <testcase classname="TestLayer.AdminPage" name="verifyUserIsOnAdminPage" time="0.0">
    <ignored/>
  </testcase> <!-- verifyUserIsOnAdminPage -->
</testsuite> <!-- Test -->
