<?xml version="1.0" encoding="UTF-8"?>
<!-- Generated by org.testng.reporters.JUnitXMLReporter -->
<testsuite ignored="0" hostname="DESKTOP-4G6V73A" failures="0" tests="6" name="GRP-HomePage,PIMPage,LoginPage" time="12.818" errors="0" timestamp="2023-02-23T19:32:09 IST">
  <testcase classname="TestLayer.LoginPage" name="loginFunctionality" time="7.088"/>
  <testcase classname="TestLayer.HomePage" name="validateHomePageTitle" time="1.271"/>
  <testcase classname="TestLayer.HomePage" name="validateHomePageUrl" time="0.013"/>
  <testcase classname="TestLayer.HomePage" name="validateHomePageLogo" time="0.387"/>
  <testcase classname="TestLayer.PIMPage" name="validateUserIsOnPIMPage" time="1.509"/>
  <testcase classname="TestLayer.PIMPage" name="addNewUser" time="2.402"/>
</testsuite> <!-- GRP-HomePage,PIMPage,LoginPage -->
