<?xml version="1.0" encoding="UTF-8"?>
<!-- Generated by org.testng.reporters.JUnitXMLReporter -->
<testsuite ignored="0" hostname="DESKTOP-4G6V73A" failures="0" tests="3" name="GRP-HomePage,LoginPage" time="11.344" errors="0" timestamp="2023-02-23T19:15:12 IST">
  <testcase classname="TestLayer.LoginPage" name="loginFunctionality" time="11.233"/>
  <testcase classname="TestLayer.HomePage" name="validateHomePageTitle" time="0.022"/>
  <testcase classname="TestLayer.HomePage" name="validateHomePageUrl" time="0.023"/>
</testsuite> <!-- GRP-HomePage,LoginPage -->
