<?xml version="1.0" encoding="UTF-8"?>
<!-- Generated by org.testng.reporters.JUnitXMLReporter -->
<testsuite ignored="0" hostname="DESKTOP-4G6V73A" failures="0" tests="11" name="GRP-HomePage,AdminPage,PIMPage,LoginPage" time="77.438" errors="0" timestamp="2023-02-23T21:21:42 IST">
  <testcase classname="TestLayer.LoginPage" name="loginFunctionality" time="7.833"/>
  <testcase classname="TestLayer.HomePage" name="validateHomePageTitle" time="1.259"/>
  <testcase classname="TestLayer.HomePage" name="validateHomePageUrl" time="0.028"/>
  <testcase classname="TestLayer.HomePage" name="validateHomePageLogo" time="0.471"/>
  <testcase classname="TestLayer.PIMPage" name="validateUserIsOnPIMPage" time="1.324"/>
  <testcase classname="TestLayer.PIMPage" name="addNewUser" time="6.445"/>
  <testcase classname="TestLayer.PIMPage" name="addMorePersonalDetails" time="12.663"/>
  <testcase classname="TestLayer.PIMPage" name="searchEmployeeUsingEmpId" time="6.322"/>
  <testcase classname="TestLayer.PIMPage" name="deleteEmployeeFunctionality" time="8.16"/>
  <testcase classname="TestLayer.AdminPage" name="verifyUserIsOnAdminPage" time="1.376"/>
  <testcase classname="TestLayer.AdminPage" name="addNewUserInAdminPage" time="31.425"/>
</testsuite> <!-- GRP-HomePage,AdminPage,PIMPage,LoginPage -->
