<?xml version="1.0" encoding="UTF-8"?>
<testng-results ignored="2" total="11" passed="9" failed="0" skipped="0">
  <reporter-output>
  </reporter-output>
  <suite started-at="2023-03-05T15:22:30 IST" name="Suite" finished-at="2023-03-05T15:23:16 IST" duration-ms="45303">
    <groups>
      <group name="HomePage">
        <method signature="HomePage.validateHomePageLogo()[pri:2, instance:TestLayer.HomePage@74751b3]" name="validateHomePageLogo" class="TestLayer.HomePage"/>
        <method signature="HomePage.validateHomePageTitle()[pri:0, instance:TestLayer.HomePage@74751b3]" name="validateHomePageTitle" class="TestLayer.HomePage"/>
        <method signature="HomePage.validateHomePageUrl()[pri:1, instance:TestLayer.HomePage@74751b3]" name="validateHomePageUrl" class="TestLayer.HomePage"/>
      </group> <!-- HomePage -->
      <group name="PIMPage">
        <method signature="PIMPage.addMorePersonalDetails()[pri:3, instance:TestLayer.PIMPage@6fd83fc1]" name="addMorePersonalDetails" class="TestLayer.PIMPage"/>
        <method signature="PIMPage.addNewUser()[pri:2, instance:TestLayer.PIMPage@6fd83fc1]" name="addNewUser" class="TestLayer.PIMPage"/>
        <method signature="PIMPage.deleteEmployeeFunctionality()[pri:4, instance:TestLayer.PIMPage@6fd83fc1]" name="deleteEmployeeFunctionality" class="TestLayer.PIMPage"/>
        <method signature="PIMPage.searchEmployeeUsingEmpId()[pri:3, instance:TestLayer.PIMPage@6fd83fc1]" name="searchEmployeeUsingEmpId" class="TestLayer.PIMPage"/>
        <method signature="PIMPage.validateUserIsOnPIMPage()[pri:1, instance:TestLayer.PIMPage@6fd83fc1]" name="validateUserIsOnPIMPage" class="TestLayer.PIMPage"/>
      </group> <!-- PIMPage -->
      <group name="LoginPage">
        <method signature="LoginPage.loginFunctionality()[pri:0, instance:TestLayer.LoginPage@741a8937]" name="loginFunctionality" class="TestLayer.LoginPage"/>
      </group> <!-- LoginPage -->
    </groups>
    <test started-at="2023-03-05T15:22:30 IST" name="Test" finished-at="2023-03-05T15:23:16 IST" duration-ms="45303">
      <class name="TestLayer.PIMPage">
        <test-method signature="validateUserIsOnPIMPage()[pri:1, instance:TestLayer.PIMPage@6fd83fc1]" started-at="2023-03-05T15:22:41 IST" name="validateUserIsOnPIMPage" depends-on-groups="HomePage" finished-at="2023-03-05T15:22:42 IST" duration-ms="1289" status="PASS">
          <reporter-output>
          </reporter-output>
        </test-method> <!-- validateUserIsOnPIMPage -->
        <test-method signature="addNewUser()[pri:2, instance:TestLayer.PIMPage@6fd83fc1]" started-at="2023-03-05T15:22:42 IST" name="addNewUser" depends-on-groups="HomePage" finished-at="2023-03-05T15:22:48 IST" duration-ms="5891" status="PASS">
          <reporter-output>
          </reporter-output>
        </test-method> <!-- addNewUser -->
        <test-method signature="addMorePersonalDetails()[pri:3, instance:TestLayer.PIMPage@6fd83fc1]" started-at="2023-03-05T15:22:48 IST" name="addMorePersonalDetails" depends-on-groups="HomePage" finished-at="2023-03-05T15:23:01 IST" duration-ms="12713" status="PASS">
          <reporter-output>
          </reporter-output>
        </test-method> <!-- addMorePersonalDetails -->
        <test-method signature="searchEmployeeUsingEmpId()[pri:3, instance:TestLayer.PIMPage@6fd83fc1]" started-at="2023-03-05T15:23:01 IST" name="searchEmployeeUsingEmpId" depends-on-groups="HomePage" finished-at="2023-03-05T15:23:07 IST" duration-ms="6380" status="PASS">
          <reporter-output>
          </reporter-output>
        </test-method> <!-- searchEmployeeUsingEmpId -->
        <test-method signature="deleteEmployeeFunctionality()[pri:4, instance:TestLayer.PIMPage@6fd83fc1]" started-at="2023-03-05T15:23:07 IST" name="deleteEmployeeFunctionality" depends-on-groups="HomePage" finished-at="2023-03-05T15:23:16 IST" duration-ms="8163" status="PASS">
          <reporter-output>
          </reporter-output>
        </test-method> <!-- deleteEmployeeFunctionality -->
      </class> <!-- TestLayer.PIMPage -->
      <class name="TestLayer.LoginPage">
        <test-method signature="loginFunctionality()[pri:0, instance:TestLayer.LoginPage@741a8937]" started-at="2023-03-05T15:22:30 IST" name="loginFunctionality" finished-at="2023-03-05T15:22:41 IST" duration-ms="10307" status="PASS">
          <reporter-output>
          </reporter-output>
        </test-method> <!-- loginFunctionality -->
      </class> <!-- TestLayer.LoginPage -->
      <class name="TestLayer.HomePage">
        <test-method signature="validateHomePageTitle()[pri:0, instance:TestLayer.HomePage@74751b3]" started-at="2023-03-05T15:22:41 IST" name="validateHomePageTitle" depends-on-groups="LoginPage" finished-at="2023-03-05T15:22:41 IST" duration-ms="13" status="PASS">
          <reporter-output>
          </reporter-output>
        </test-method> <!-- validateHomePageTitle -->
        <test-method signature="validateHomePageUrl()[pri:1, instance:TestLayer.HomePage@74751b3]" started-at="2023-03-05T15:22:41 IST" name="validateHomePageUrl" depends-on-groups="LoginPage" finished-at="2023-03-05T15:22:41 IST" duration-ms="12" status="PASS">
          <reporter-output>
          </reporter-output>
        </test-method> <!-- validateHomePageUrl -->
        <test-method signature="validateHomePageLogo()[pri:2, instance:TestLayer.HomePage@74751b3]" started-at="2023-03-05T15:22:41 IST" name="validateHomePageLogo" depends-on-groups="LoginPage" finished-at="2023-03-05T15:22:41 IST" duration-ms="439" status="PASS">
          <reporter-output>
          </reporter-output>
        </test-method> <!-- validateHomePageLogo -->
      </class> <!-- TestLayer.HomePage -->
    </test> <!-- Test -->
  </suite> <!-- Suite -->
</testng-results>
